{"level":"info","message":"Server http listening at port 8080","service":"user-service","timestamp":"2022-10-03T18:59:47.933Z"}
{"level":"info","message":"Server http listening at port 8080","service":"user-service","timestamp":"2022-10-03T19:28:50.196Z"}
{"level":"info","message":"Server http listening at port 8080","service":"user-service","timestamp":"2022-10-03T19:31:28.409Z"}
{"level":"info","message":"Server http listening at port 8080","service":"user-service","timestamp":"2022-10-03T19:32:05.671Z"}
{"level":"info","message":"Server http listening at port 8080","service":"user-service","timestamp":"2022-10-03T19:33:14.530Z"}
{"level":"info","message":"Server http listening at port 8080","service":"user-service","timestamp":"2022-10-03T19:36:45.498Z"}
{"level":"info","message":"Server http listening at port 8080","service":"user-service","timestamp":"2022-10-03T19:38:06.159Z"}
{"level":"info","message":"Server http listening at port 8080","service":"user-service","timestamp":"2022-10-03T19:39:57.261Z"}
{"level":"info","message":"Server http listening at port 8080","service":"user-service","timestamp":"2022-10-03T19:40:28.583Z"}
{"level":"info","message":"Estado de la conexion (CartDao) 1","service":"user-service","timestamp":"2022-10-03T19:40:29.149Z"}
{"level":"info","message":"Estado de la conexion (CartDao) 1","service":"user-service","timestamp":"2022-10-03T19:40:29.151Z"}
{"level":"info","message":"Server http listening at port 8080","service":"user-service","timestamp":"2022-10-03T19:41:35.666Z"}
{"level":"info","message":"Estado de la conexion (CartDao) 1","service":"user-service","timestamp":"2022-10-03T19:41:36.331Z"}
{"level":"info","message":"Estado de la conexion (CartDao) 1","service":"user-service","timestamp":"2022-10-03T19:41:36.332Z"}
{"level":"info","message":"Server http listening at port 8080","service":"user-service","timestamp":"2022-10-03T19:42:00.207Z"}
{"level":"info","message":"Estado de la conexion (CartDao) 1","service":"user-service","timestamp":"2022-10-03T19:42:00.777Z"}
{"level":"info","message":"Estado de la conexion (CartDao) 1","service":"user-service","timestamp":"2022-10-03T19:42:00.779Z"}
{"level":"info","message":"Server http listening at port 8080","service":"user-service","timestamp":"2022-10-03T19:43:12.840Z"}
{"level":"info","message":"Estado de la conexion (CartDao) 1","service":"user-service","timestamp":"2022-10-03T19:43:13.484Z"}
{"level":"info","message":"Estado de la conexion (CartDao) 1","service":"user-service","timestamp":"2022-10-03T19:43:13.486Z"}
{"level":"info","message":"Server http listening at port 8080","service":"user-service","timestamp":"2022-10-03T19:44:14.096Z"}
{"level":"info","message":"Estado de la conexion (CartDao) 1","service":"user-service","timestamp":"2022-10-03T19:44:14.668Z"}
{"level":"info","message":"Estado de la conexion (CartDao) 1","service":"user-service","timestamp":"2022-10-03T19:44:14.670Z"}
{"level":"info","message":"Estado de la conexion (ProductsDao) 1","service":"user-service","timestamp":"2022-10-03T19:44:51.900Z"}
{"level":"info","message":"Server http listening at port 8080","service":"user-service","timestamp":"2022-10-03T20:21:53.845Z"}
{"level":"info","message":"Estado de la conexion (CartDao) 1","service":"user-service","timestamp":"2022-10-03T20:21:54.506Z"}
{"level":"info","message":"Estado de la conexion (CartDao) 1","service":"user-service","timestamp":"2022-10-03T20:21:54.507Z"}
{"level":"info","message":"Server http listening at port 8080","service":"user-service","timestamp":"2022-10-03T20:30:47.271Z"}
{"level":"info","message":"Estado de la conexion (CartDao) 1","service":"user-service","timestamp":"2022-10-03T20:30:52.889Z"}
{"level":"info","message":"Estado de la conexion (CartDao) 1","service":"user-service","timestamp":"2022-10-03T20:30:52.892Z"}
{"level":"info","message":"Server http listening at port 8080","service":"user-service","timestamp":"2022-10-03T20:33:56.473Z"}
{"level":"info","message":"Estado de la conexion (CartDao) 1","service":"user-service","timestamp":"2022-10-03T20:33:57.953Z"}
{"level":"info","message":"Estado de la conexion (CartDao) 1","service":"user-service","timestamp":"2022-10-03T20:33:57.955Z"}
{"level":"info","message":"Server http listening at port 8080","service":"user-service","timestamp":"2022-10-04T00:07:30.754Z"}
{"level":"info","message":"Estado de la conexion (CartDao) 1","service":"user-service","timestamp":"2022-10-04T00:07:36.296Z"}
{"level":"info","message":"Estado de la conexion (CartDao) 1","service":"user-service","timestamp":"2022-10-04T00:07:36.298Z"}
{"level":"info","message":"Server http listening at port 8080","service":"user-service","timestamp":"2022-10-04T00:51:46.462Z"}
{"level":"info","message":"Estado de la conexion (CartDao) 1","service":"user-service","timestamp":"2022-10-04T00:51:51.090Z"}
{"level":"info","message":"Estado de la conexion (CartDao) 1","service":"user-service","timestamp":"2022-10-04T00:51:51.092Z"}
{"level":"info","message":"Server http listening at port 8080","service":"user-service","timestamp":"2022-10-08T12:40:43.537Z"}
{"level":"info","message":"Estado de la conexion (CartDao) 1","service":"user-service","timestamp":"2022-10-08T12:40:49.398Z"}
{"level":"info","message":"Estado de la conexion (CartDao) 1","service":"user-service","timestamp":"2022-10-08T12:40:49.400Z"}
{"level":"info","message":"Server http listening at port 8080","service":"user-service","timestamp":"2022-10-08T15:10:44.545Z"}
{"level":"info","message":"Estado de la conexion (CartDao) 1","service":"user-service","timestamp":"2022-10-08T15:10:46.210Z"}
{"level":"info","message":"Estado de la conexion (CartDao) 1","service":"user-service","timestamp":"2022-10-08T15:10:46.211Z"}
{"level":"info","message":"Server http listening at port 8080","service":"user-service","timestamp":"2022-10-08T15:32:49.317Z"}
{"level":"info","message":"Estado de la conexion (CartDao) 1","service":"user-service","timestamp":"2022-10-08T15:32:50.958Z"}
{"level":"info","message":"Estado de la conexion (CartDao) 1","service":"user-service","timestamp":"2022-10-08T15:32:50.960Z"}
{"level":"info","message":"Server http listening at port 8080","service":"user-service","timestamp":"2022-10-08T20:32:49.390Z"}
{"level":"info","message":"nodemailer test message [object Object]","service":"user-service","timestamp":"2022-10-08T20:32:54.617Z"}
{"level":"info","message":"Estado de la conexion (CartDao) 1","service":"user-service","timestamp":"2022-10-08T20:32:55.542Z"}
{"level":"info","message":"Estado de la conexion (CartDao) 1","service":"user-service","timestamp":"2022-10-08T20:32:55.545Z"}
{"level":"info","message":"Server http listening at port 8080","service":"user-service","timestamp":"2022-10-08T20:36:12.511Z"}
{"level":"info","message":"nodemailer test message [object Object]","service":"user-service","timestamp":"2022-10-08T20:36:16.122Z"}
{"level":"info","message":"Estado de la conexion (CartDao) 1","service":"user-service","timestamp":"2022-10-08T20:36:16.923Z"}
{"level":"info","message":"Estado de la conexion (CartDao) 1","service":"user-service","timestamp":"2022-10-08T20:36:16.925Z"}
{"level":"info","message":"Server http listening at port 8080","service":"user-service","timestamp":"2022-10-08T20:54:15.748Z"}
{"level":"info","message":"Estado de la conexion (CartDao) 1","service":"user-service","timestamp":"2022-10-08T20:54:20.210Z"}
{"level":"info","message":"Estado de la conexion (CartDao) 1","service":"user-service","timestamp":"2022-10-08T20:54:20.213Z"}
{"level":"info","message":"nodemailer test message [object Object]","service":"user-service","timestamp":"2022-10-08T20:54:21.597Z"}
{"level":"info","message":"Server http listening at port 8080","service":"user-service","timestamp":"2022-10-08T20:54:49.601Z"}
{"level":"info","message":"Estado de la conexion (CartDao) 1","service":"user-service","timestamp":"2022-10-08T20:54:50.250Z"}
{"level":"info","message":"Estado de la conexion (CartDao) 1","service":"user-service","timestamp":"2022-10-08T20:54:50.251Z"}
{"level":"info","message":"Server http listening at port 8080","service":"user-service","timestamp":"2022-10-08T21:41:03.806Z"}
{"level":"info","message":"Estado de la conexion (CartDao) 1","service":"user-service","timestamp":"2022-10-08T21:41:04.532Z"}
{"level":"info","message":"Estado de la conexion (CartDao) 1","service":"user-service","timestamp":"2022-10-08T21:41:04.533Z"}
{"level":"info","message":"Estado de la conexion (ProductsDao) 1","service":"user-service","timestamp":"2022-10-08T21:41:57.245Z"}
{"level":"info","message":"Server http listening at port 8080","service":"user-service","timestamp":"2022-10-08T22:06:38.459Z"}
{"level":"info","message":"Estado de la conexion (CartDao) 1","service":"user-service","timestamp":"2022-10-08T22:06:41.184Z"}
{"level":"info","message":"Estado de la conexion (CartDao) 1","service":"user-service","timestamp":"2022-10-08T22:06:41.185Z"}
{"level":"info","message":"Estado de la conexion (ProductsDao) 1","service":"user-service","timestamp":"2022-10-08T22:07:44.246Z"}
{"level":"info","message":"Estado de la conexion (CartDao) 1","service":"user-service","timestamp":"2022-10-08T22:09:12.807Z"}
{"level":"info","message":"Estado de la conexion (CartDao) 1","service":"user-service","timestamp":"2022-10-08T22:09:12.809Z"}
{"level":"info","message":"Estado de la conexion (CartDao) 1","service":"user-service","timestamp":"2022-10-08T22:20:37.021Z"}
{"level":"info","message":"Estado de la conexion (CartDao) 1","service":"user-service","timestamp":"2022-10-08T22:20:37.022Z"}
{"level":"info","message":"Server http listening at port 3000","service":"user-service","timestamp":"2022-10-08T22:21:46.500Z"}
{"level":"info","message":"Estado de la conexion (CartDao) 1","service":"user-service","timestamp":"2022-10-08T22:21:47.268Z"}
{"level":"info","message":"Estado de la conexion (CartDao) 1","service":"user-service","timestamp":"2022-10-08T22:21:47.270Z"}
{"level":"info","message":"Server http listening at port 3000","service":"user-service","timestamp":"2022-10-08T23:10:16.301Z"}
{"level":"info","message":"Estado de la conexion (CartDao) 1","service":"user-service","timestamp":"2022-10-08T23:10:16.960Z"}
{"level":"info","message":"Estado de la conexion (CartDao) 1","service":"user-service","timestamp":"2022-10-08T23:10:16.961Z"}
{"level":"info","message":"Estado de la conexion (ChatDao) 1","service":"user-service","timestamp":"2022-10-08T23:10:17.963Z"}
{"level":"info","message":"Estado de la conexion (ChatDao) 1","service":"user-service","timestamp":"2022-10-08T23:10:22.959Z"}
{"level":"info","message":"Estado de la conexion (ProductsDao) 1","service":"user-service","timestamp":"2022-10-08T23:10:45.407Z"}
{"level":"info","message":"Estado de la conexion (CartDao) 1","service":"user-service","timestamp":"2022-10-08T23:21:06.248Z"}
{"level":"info","message":"Estado de la conexion (CartDao) 1","service":"user-service","timestamp":"2022-10-08T23:21:06.252Z"}
{"level":"info","message":"Estado de la conexion (ChatDao) 1","service":"user-service","timestamp":"2022-10-08T23:21:06.253Z"}
{"level":"info","message":"Estado de la conexion (ChatDao) 1","service":"user-service","timestamp":"2022-10-08T23:21:46.656Z"}
{"level":"info","message":"Estado de la conexion (ProductsDao) 1","service":"user-service","timestamp":"2022-10-08T23:21:54.503Z"}
{"level":"info","message":"Estado de la conexion (CartDao) 1","service":"user-service","timestamp":"2022-10-08T23:27:00.706Z"}
{"level":"info","message":"Estado de la conexion (CartDao) 1","service":"user-service","timestamp":"2022-10-08T23:27:00.712Z"}
{"level":"info","message":"Estado de la conexion (ChatDao) 1","service":"user-service","timestamp":"2022-10-08T23:27:00.713Z"}
{"level":"info","message":"Estado de la conexion (ChatDao) 1","service":"user-service","timestamp":"2022-10-08T23:27:01.266Z"}
{"level":"info","message":"Estado de la conexion (ProductsDao) 1","service":"user-service","timestamp":"2022-10-08T23:27:09.028Z"}
{"level":"info","message":"Server http listening at port 8080","service":"user-service","timestamp":"2022-10-08T23:29:00.132Z"}
{"level":"info","message":"Estado de la conexion (CartDao) 1","service":"user-service","timestamp":"2022-10-08T23:29:05.715Z"}
{"level":"info","message":"Estado de la conexion (CartDao) 1","service":"user-service","timestamp":"2022-10-08T23:29:05.717Z"}
{"level":"info","message":"Estado de la conexion (ChatDao) 1","service":"user-service","timestamp":"2022-10-08T23:29:05.719Z"}
{"level":"info","message":"Estado de la conexion (ChatDao) 1","service":"user-service","timestamp":"2022-10-08T23:29:09.767Z"}
{"level":"info","message":"Server http listening at port 8080","service":"user-service","timestamp":"2022-10-08T23:30:23.034Z"}
{"level":"info","message":"Estado de la conexion (CartDao) 1","service":"user-service","timestamp":"2022-10-08T23:30:23.679Z"}
{"level":"info","message":"Estado de la conexion (CartDao) 1","service":"user-service","timestamp":"2022-10-08T23:30:23.682Z"}
{"level":"info","message":"Estado de la conexion (ChatDao) 1","service":"user-service","timestamp":"2022-10-08T23:30:23.683Z"}
{"level":"info","message":"Estado de la conexion (ChatDao) 1","service":"user-service","timestamp":"2022-10-08T23:30:27.173Z"}
{"level":"info","message":"Estado de la conexion (ChatDao) 1","service":"user-service","timestamp":"2022-10-08T23:30:51.963Z"}
{"level":"info","message":"Estado de la conexion (ChatDao) 1","service":"user-service","timestamp":"2022-10-08T23:31:41.585Z"}
{"level":"info","message":"Server http listening at port 8080","service":"user-service","timestamp":"2022-10-09T00:28:32.190Z"}
{"level":"info","message":"Estado de la conexion (CartDao) 1","service":"user-service","timestamp":"2022-10-09T00:28:32.815Z"}
{"level":"info","message":"Estado de la conexion (CartDao) 1","service":"user-service","timestamp":"2022-10-09T00:28:32.816Z"}
{"level":"info","message":"Estado de la conexion (ChatDao) 1","service":"user-service","timestamp":"2022-10-09T00:28:32.816Z"}
{"level":"info","message":"Server http listening at port 8080","service":"user-service","timestamp":"2022-10-09T00:29:44.273Z"}
{"level":"info","message":"Estado de la conexion (CartDao) 1","service":"user-service","timestamp":"2022-10-09T00:29:47.196Z"}
{"level":"info","message":"Estado de la conexion (CartDao) 1","service":"user-service","timestamp":"2022-10-09T00:29:47.197Z"}
{"level":"info","message":"Server http listening at port 8080","service":"user-service","timestamp":"2022-10-09T00:30:00.480Z"}
{"level":"info","message":"Estado de la conexion (CartDao) 1","service":"user-service","timestamp":"2022-10-09T00:30:01.091Z"}
{"level":"info","message":"Estado de la conexion (CartDao) 1","service":"user-service","timestamp":"2022-10-09T00:30:01.093Z"}
{"level":"info","message":"Estado de la conexion (ChatDao) 1","service":"user-service","timestamp":"2022-10-09T00:30:03.371Z"}
{"level":"info","message":"Server http listening at port 8080","service":"user-service","timestamp":"2022-10-09T00:30:45.898Z"}
{"level":"info","message":"Estado de la conexion (CartDao) 1","service":"user-service","timestamp":"2022-10-09T00:30:46.596Z"}
{"level":"info","message":"Estado de la conexion (CartDao) 1","service":"user-service","timestamp":"2022-10-09T00:30:46.598Z"}
{"level":"info","message":"Estado de la conexion (ChatDao) 1","service":"user-service","timestamp":"2022-10-09T00:30:46.599Z"}
{"level":"info","message":"Server http listening at port 8080","service":"user-service","timestamp":"2022-10-09T00:32:14.385Z"}
{"level":"info","message":"Estado de la conexion (CartDao) 1","service":"user-service","timestamp":"2022-10-09T00:32:18.721Z"}
{"level":"info","message":"Estado de la conexion (CartDao) 1","service":"user-service","timestamp":"2022-10-09T00:32:18.723Z"}
{"level":"info","message":"Server http listening at port 8080","service":"user-service","timestamp":"2022-10-09T00:32:59.104Z"}
{"level":"info","message":"Estado de la conexion (CartDao) 1","service":"user-service","timestamp":"2022-10-09T00:32:59.672Z"}
{"level":"info","message":"Estado de la conexion (CartDao) 1","service":"user-service","timestamp":"2022-10-09T00:32:59.674Z"}
{"level":"info","message":"Server http listening at port 8080","service":"user-service","timestamp":"2022-10-09T00:33:55.769Z"}
{"level":"info","message":"Estado de la conexion (CartDao) 1","service":"user-service","timestamp":"2022-10-09T00:33:56.375Z"}
{"level":"info","message":"Estado de la conexion (CartDao) 1","service":"user-service","timestamp":"2022-10-09T00:33:56.377Z"}
{"level":"info","message":"Server http listening at port 8080","service":"user-service","timestamp":"2022-10-09T00:39:06.092Z"}
{"level":"info","message":"Estado de la conexion (CartDao) 1","service":"user-service","timestamp":"2022-10-09T00:39:06.772Z"}
{"level":"info","message":"Estado de la conexion (CartDao) 1","service":"user-service","timestamp":"2022-10-09T00:39:06.773Z"}
{"level":"info","message":"Server http listening at port 8080","service":"user-service","timestamp":"2022-10-09T00:39:46.864Z"}
{"level":"info","message":"Estado de la conexion (CartDao) 1","service":"user-service","timestamp":"2022-10-09T00:39:49.216Z"}
{"level":"info","message":"Estado de la conexion (CartDao) 1","service":"user-service","timestamp":"2022-10-09T00:39:49.219Z"}
{"level":"info","message":"Server http listening at port 8080","service":"user-service","timestamp":"2022-10-09T00:40:14.811Z"}
{"level":"info","message":"Estado de la conexion (CartDao) 1","service":"user-service","timestamp":"2022-10-09T00:40:15.435Z"}
{"level":"info","message":"Estado de la conexion (CartDao) 1","service":"user-service","timestamp":"2022-10-09T00:40:15.436Z"}
{"level":"info","message":"Server http listening at port 8080","service":"user-service","timestamp":"2022-10-09T00:41:07.979Z"}
{"level":"info","message":"Estado de la conexion (CartDao) 1","service":"user-service","timestamp":"2022-10-09T00:41:08.577Z"}
{"level":"info","message":"Estado de la conexion (CartDao) 1","service":"user-service","timestamp":"2022-10-09T00:41:08.579Z"}
{"level":"info","message":"Server http listening at port 8080","service":"user-service","timestamp":"2022-10-09T00:44:09.639Z"}
{"level":"info","message":"Estado de la conexion (CartDao) 1","service":"user-service","timestamp":"2022-10-09T00:44:11.830Z"}
{"level":"info","message":"Estado de la conexion (CartDao) 1","service":"user-service","timestamp":"2022-10-09T00:44:11.832Z"}
{"level":"info","message":"Server http listening at port 8080","service":"user-service","timestamp":"2022-10-09T00:45:16.780Z"}
{"level":"info","message":"Estado de la conexion (CartDao) 1","service":"user-service","timestamp":"2022-10-09T00:45:17.406Z"}
{"level":"info","message":"Estado de la conexion (CartDao) 1","service":"user-service","timestamp":"2022-10-09T00:45:17.408Z"}
{"level":"info","message":"Server http listening at port 8080","service":"user-service","timestamp":"2022-10-09T00:45:29.819Z"}
{"level":"info","message":"Estado de la conexion (CartDao) 1","service":"user-service","timestamp":"2022-10-09T00:45:30.390Z"}
{"level":"info","message":"Estado de la conexion (CartDao) 1","service":"user-service","timestamp":"2022-10-09T00:45:30.392Z"}
{"level":"info","message":"Server http listening at port 8080","service":"user-service","timestamp":"2022-10-09T00:46:58.122Z"}
{"level":"info","message":"Estado de la conexion (CartDao) 1","service":"user-service","timestamp":"2022-10-09T00:46:59.382Z"}
{"level":"info","message":"Estado de la conexion (CartDao) 1","service":"user-service","timestamp":"2022-10-09T00:46:59.384Z"}
{"level":"info","message":"Server http listening at port 8080","service":"user-service","timestamp":"2022-10-09T00:52:33.494Z"}
{"level":"info","message":"Estado de la conexion (CartDao) 1","service":"user-service","timestamp":"2022-10-09T00:52:34.130Z"}
{"level":"info","message":"Estado de la conexion (CartDao) 1","service":"user-service","timestamp":"2022-10-09T00:52:34.131Z"}
{"level":"info","message":"Server http listening at port 8080","service":"user-service","timestamp":"2022-10-09T00:53:48.625Z"}
{"level":"info","message":"Estado de la conexion (CartDao) 1","service":"user-service","timestamp":"2022-10-09T00:53:54.573Z"}
{"level":"info","message":"Estado de la conexion (CartDao) 1","service":"user-service","timestamp":"2022-10-09T00:53:54.574Z"}
{"level":"info","message":"Server http listening at port 8080","service":"user-service","timestamp":"2022-10-09T00:57:32.160Z"}
{"level":"info","message":"Estado de la conexion (CartDao) 1","service":"user-service","timestamp":"2022-10-09T00:57:36.263Z"}
{"level":"info","message":"Estado de la conexion (CartDao) 1","service":"user-service","timestamp":"2022-10-09T00:57:36.265Z"}
{"level":"info","message":"Server http listening at port 8080","service":"user-service","timestamp":"2022-10-09T00:58:47.972Z"}
{"level":"info","message":"Estado de la conexion (CartDao) 1","service":"user-service","timestamp":"2022-10-09T00:58:48.671Z"}
{"level":"info","message":"Estado de la conexion (CartDao) 1","service":"user-service","timestamp":"2022-10-09T00:58:48.673Z"}
{"level":"info","message":"Server http listening at port 8080","service":"user-service","timestamp":"2022-10-09T00:59:33.069Z"}
{"level":"info","message":"Estado de la conexion (CartDao) 1","service":"user-service","timestamp":"2022-10-09T00:59:33.691Z"}
{"level":"info","message":"Estado de la conexion (CartDao) 1","service":"user-service","timestamp":"2022-10-09T00:59:33.693Z"}
{"level":"info","message":"Server http listening at port 8080","service":"user-service","timestamp":"2022-10-09T00:59:47.096Z"}
{"level":"info","message":"Estado de la conexion (CartDao) 1","service":"user-service","timestamp":"2022-10-09T00:59:47.701Z"}
{"level":"info","message":"Estado de la conexion (CartDao) 1","service":"user-service","timestamp":"2022-10-09T00:59:47.703Z"}
{"level":"info","message":"Server http listening at port 8080","service":"user-service","timestamp":"2022-10-09T01:00:53.983Z"}
{"level":"info","message":"Estado de la conexion (CartDao) 1","service":"user-service","timestamp":"2022-10-09T01:00:59.807Z"}
{"level":"info","message":"Estado de la conexion (CartDao) 1","service":"user-service","timestamp":"2022-10-09T01:00:59.808Z"}
{"level":"info","message":"Server http listening at port 8080","service":"user-service","timestamp":"2022-10-09T01:02:24.788Z"}
{"level":"info","message":"Estado de la conexion (CartDao) 1","service":"user-service","timestamp":"2022-10-09T01:02:29.490Z"}
{"level":"info","message":"Estado de la conexion (CartDao) 1","service":"user-service","timestamp":"2022-10-09T01:02:29.491Z"}
{"level":"info","message":"Server http listening at port 8080","service":"user-service","timestamp":"2022-10-09T01:04:00.328Z"}
{"level":"info","message":"Estado de la conexion (CartDao) 1","service":"user-service","timestamp":"2022-10-09T01:04:01.022Z"}
{"level":"info","message":"Estado de la conexion (CartDao) 1","service":"user-service","timestamp":"2022-10-09T01:04:01.024Z"}
{"level":"info","message":"Estado de la conexion (ChatDao) 1","service":"user-service","timestamp":"2022-10-09T01:07:11.041Z"}
{"level":"info","message":"Estado de la conexion (ProductsDao) 1","service":"user-service","timestamp":"2022-10-09T01:07:36.560Z"}
{"level":"info","message":"Server http listening at port 8080","service":"user-service","timestamp":"2022-10-09T01:08:40.221Z"}
{"level":"info","message":"Estado de la conexion (CartDao) 1","service":"user-service","timestamp":"2022-10-09T01:08:40.878Z"}
{"level":"info","message":"Estado de la conexion (CartDao) 1","service":"user-service","timestamp":"2022-10-09T01:08:40.879Z"}
{"level":"info","message":"Estado de la conexion (ChatDao) 1","service":"user-service","timestamp":"2022-10-09T01:08:40.880Z"}
{"level":"info","message":"Server http listening at port 8080","service":"user-service","timestamp":"2022-10-09T15:42:09.001Z"}
{"level":"info","message":"Estado de la conexion (CartDao) 1","service":"user-service","timestamp":"2022-10-09T15:42:09.686Z"}
{"level":"info","message":"Estado de la conexion (CartDao) 1","service":"user-service","timestamp":"2022-10-09T15:42:09.688Z"}
{"level":"info","message":"Estado de la conexion (ChatDao) 1","service":"user-service","timestamp":"2022-10-09T15:42:24.312Z"}
{"level":"info","message":"Server http listening at port 8080","service":"user-service","timestamp":"2022-10-09T15:54:06.221Z"}
{"level":"info","message":"Estado de la conexion (CartDao) 1","service":"user-service","timestamp":"2022-10-09T15:54:06.912Z"}
{"level":"info","message":"Estado de la conexion (CartDao) 1","service":"user-service","timestamp":"2022-10-09T15:54:06.914Z"}
{"level":"info","message":"Estado de la conexion (ChatDao) 1","service":"user-service","timestamp":"2022-10-09T15:54:06.916Z"}
{"level":"info","message":"Server http listening at port 8080","service":"user-service","timestamp":"2022-10-09T15:55:05.417Z"}
{"level":"info","message":"Estado de la conexion (CartDao) 1","service":"user-service","timestamp":"2022-10-09T15:55:05.998Z"}
{"level":"info","message":"Estado de la conexion (CartDao) 1","service":"user-service","timestamp":"2022-10-09T15:55:05.999Z"}
{"level":"info","message":"Estado de la conexion (ChatDao) 1","service":"user-service","timestamp":"2022-10-09T15:55:06.000Z"}
{"level":"info","message":"Server http listening at port 8080","service":"user-service","timestamp":"2022-10-09T15:55:40.660Z"}
{"level":"info","message":"Estado de la conexion (CartDao) 1","service":"user-service","timestamp":"2022-10-09T15:55:41.256Z"}
{"level":"info","message":"Estado de la conexion (CartDao) 1","service":"user-service","timestamp":"2022-10-09T15:55:41.257Z"}
{"level":"info","message":"Server http listening at port 8080","service":"user-service","timestamp":"2022-10-09T15:56:21.200Z"}
{"level":"info","message":"Estado de la conexion (CartDao) 1","service":"user-service","timestamp":"2022-10-09T15:56:22.805Z"}
{"level":"info","message":"Estado de la conexion (CartDao) 1","service":"user-service","timestamp":"2022-10-09T15:56:22.806Z"}
{"level":"info","message":"Server http listening at port 8080","service":"user-service","timestamp":"2022-10-09T15:57:13.732Z"}
{"level":"info","message":"Estado de la conexion (CartDao) 1","service":"user-service","timestamp":"2022-10-09T15:57:16.346Z"}
{"level":"info","message":"Estado de la conexion (CartDao) 1","service":"user-service","timestamp":"2022-10-09T15:57:16.348Z"}
{"level":"info","message":"Server http listening at port 8080","service":"user-service","timestamp":"2022-10-09T15:57:41.307Z"}
{"level":"info","message":"Estado de la conexion (CartDao) 1","service":"user-service","timestamp":"2022-10-09T15:57:41.906Z"}
{"level":"info","message":"Estado de la conexion (CartDao) 1","service":"user-service","timestamp":"2022-10-09T15:57:41.907Z"}
{"level":"info","message":"Server http listening at port 8080","service":"user-service","timestamp":"2022-10-09T15:58:21.927Z"}
{"level":"info","message":"Estado de la conexion (CartDao) 1","service":"user-service","timestamp":"2022-10-09T15:58:22.512Z"}
{"level":"info","message":"Estado de la conexion (CartDao) 1","service":"user-service","timestamp":"2022-10-09T15:58:22.513Z"}
{"level":"info","message":"Server http listening at port 8080","service":"user-service","timestamp":"2022-10-09T15:58:51.810Z"}
{"level":"info","message":"Estado de la conexion (CartDao) 1","service":"user-service","timestamp":"2022-10-09T15:58:52.389Z"}
{"level":"info","message":"Estado de la conexion (CartDao) 1","service":"user-service","timestamp":"2022-10-09T15:58:52.391Z"}
{"level":"info","message":"Server http listening at port 8080","service":"user-service","timestamp":"2022-10-09T15:59:54.077Z"}
{"level":"info","message":"Estado de la conexion (CartDao) 1","service":"user-service","timestamp":"2022-10-09T15:59:56.750Z"}
{"level":"info","message":"Estado de la conexion (CartDao) 1","service":"user-service","timestamp":"2022-10-09T15:59:56.751Z"}
{"level":"info","message":"Server http listening at port 8080","service":"user-service","timestamp":"2022-10-09T16:00:22.475Z"}
{"level":"info","message":"Estado de la conexion (CartDao) 1","service":"user-service","timestamp":"2022-10-09T16:00:23.039Z"}
{"level":"info","message":"Estado de la conexion (CartDao) 1","service":"user-service","timestamp":"2022-10-09T16:00:23.041Z"}
{"level":"info","message":"Server http listening at port 8080","service":"user-service","timestamp":"2022-10-09T16:03:15.529Z"}
{"level":"info","message":"Estado de la conexion (CartDao) 1","service":"user-service","timestamp":"2022-10-09T16:03:18.314Z"}
{"level":"info","message":"Estado de la conexion (CartDao) 1","service":"user-service","timestamp":"2022-10-09T16:03:18.320Z"}
{"level":"info","message":"Server http listening at port 8080","service":"user-service","timestamp":"2022-10-09T16:04:44.339Z"}
{"level":"info","message":"Estado de la conexion (CartDao) 1","service":"user-service","timestamp":"2022-10-09T16:04:48.753Z"}
{"level":"info","message":"Estado de la conexion (CartDao) 1","service":"user-service","timestamp":"2022-10-09T16:04:48.755Z"}
{"level":"info","message":"Server http listening at port 8080","service":"user-service","timestamp":"2022-10-09T16:05:55.998Z"}
{"level":"info","message":"Estado de la conexion (CartDao) 1","service":"user-service","timestamp":"2022-10-09T16:05:58.389Z"}
{"level":"info","message":"Estado de la conexion (CartDao) 1","service":"user-service","timestamp":"2022-10-09T16:05:58.391Z"}
{"level":"info","message":"Estado de la conexion (CartDao) 1","service":"user-service","timestamp":"2022-10-09T16:06:56.817Z"}
{"level":"info","message":"Estado de la conexion (CartDao) 1","service":"user-service","timestamp":"2022-10-09T16:06:56.821Z"}
{"level":"info","message":"Estado de la conexion (CartDao) 1","service":"user-service","timestamp":"2022-10-09T16:27:13.973Z"}
{"level":"info","message":"Estado de la conexion (CartDao) 1","service":"user-service","timestamp":"2022-10-09T16:27:13.981Z"}
{"level":"info","message":"Estado de la conexion (CartDao) 1","service":"user-service","timestamp":"2022-10-09T16:30:14.235Z"}
{"level":"info","message":"Estado de la conexion (CartDao) 1","service":"user-service","timestamp":"2022-10-09T16:30:14.240Z"}
{"level":"info","message":"Estado de la conexion (CartDao) 1","service":"user-service","timestamp":"2022-10-09T16:31:34.153Z"}
{"level":"info","message":"Estado de la conexion (CartDao) 1","service":"user-service","timestamp":"2022-10-09T16:31:34.159Z"}
{"level":"info","message":"Estado de la conexion (CartDao) 1","service":"user-service","timestamp":"2022-10-09T16:33:39.085Z"}
{"level":"info","message":"Estado de la conexion (CartDao) 1","service":"user-service","timestamp":"2022-10-09T16:33:39.089Z"}
{"level":"info","message":"Estado de la conexion (CartDao) 1","service":"user-service","timestamp":"2022-10-09T16:48:43.781Z"}
{"level":"info","message":"Estado de la conexion (CartDao) 1","service":"user-service","timestamp":"2022-10-09T16:48:43.786Z"}
{"level":"info","message":"Estado de la conexion (ChatDao) 1","service":"user-service","timestamp":"2022-10-09T16:48:48.398Z"}
{"level":"info","message":"Estado de la conexion (CartDao) 1","service":"user-service","timestamp":"2022-10-09T16:51:00.307Z"}
{"level":"info","message":"Estado de la conexion (CartDao) 1","service":"user-service","timestamp":"2022-10-09T16:51:00.311Z"}
{"level":"info","message":"Estado de la conexion (ChatDao) 1","service":"user-service","timestamp":"2022-10-09T16:51:00.312Z"}
{"level":"info","message":"Estado de la conexion (CartDao) 1","service":"user-service","timestamp":"2022-10-09T16:51:34.630Z"}
{"level":"info","message":"Estado de la conexion (CartDao) 1","service":"user-service","timestamp":"2022-10-09T16:51:34.634Z"}
{"level":"info","message":"Estado de la conexion (ChatDao) 1","service":"user-service","timestamp":"2022-10-09T16:51:34.635Z"}
{"level":"info","message":"Estado de la conexion (CartDao) 1","service":"user-service","timestamp":"2022-10-09T16:56:23.281Z"}
{"level":"info","message":"Estado de la conexion (CartDao) 1","service":"user-service","timestamp":"2022-10-09T16:56:23.285Z"}
{"level":"info","message":"Estado de la conexion (CartDao) 1","service":"user-service","timestamp":"2022-10-09T16:58:05.354Z"}
{"level":"info","message":"Estado de la conexion (CartDao) 1","service":"user-service","timestamp":"2022-10-09T16:58:05.358Z"}
{"level":"info","message":"Estado de la conexion (CartDao) 1","service":"user-service","timestamp":"2022-10-09T16:58:21.930Z"}
{"level":"info","message":"Estado de la conexion (CartDao) 1","service":"user-service","timestamp":"2022-10-09T16:58:21.934Z"}
{"level":"info","message":"Estado de la conexion (CartDao) 1","service":"user-service","timestamp":"2022-10-09T16:59:18.259Z"}
{"level":"info","message":"Estado de la conexion (CartDao) 1","service":"user-service","timestamp":"2022-10-09T16:59:18.264Z"}
{"level":"info","message":"Estado de la conexion (ChatDao) 1","service":"user-service","timestamp":"2022-10-09T16:59:51.851Z"}
{"level":"info","message":"Estado de la conexion (CartDao) 1","service":"user-service","timestamp":"2022-10-09T17:01:31.024Z"}
{"level":"info","message":"Estado de la conexion (CartDao) 1","service":"user-service","timestamp":"2022-10-09T17:01:31.028Z"}
{"level":"info","message":"Estado de la conexion (ChatDao) 1","service":"user-service","timestamp":"2022-10-09T17:01:31.029Z"}
{"level":"info","message":"Estado de la conexion (ChatDao) 1","service":"user-service","timestamp":"2022-10-09T17:01:37.464Z"}
{"level":"info","message":"Estado de la conexion (CartDao) 1","service":"user-service","timestamp":"2022-10-09T17:03:35.140Z"}
{"level":"info","message":"Estado de la conexion (CartDao) 1","service":"user-service","timestamp":"2022-10-09T17:03:35.146Z"}
{"level":"info","message":"Estado de la conexion (ChatDao) 1","service":"user-service","timestamp":"2022-10-09T17:03:36.408Z"}
{"level":"info","message":"Estado de la conexion (ChatDao) 1","service":"user-service","timestamp":"2022-10-09T17:03:37.563Z"}
{"level":"info","message":"Estado de la conexion (CartDao) 1","service":"user-service","timestamp":"2022-10-09T17:06:30.660Z"}
{"level":"info","message":"Estado de la conexion (CartDao) 1","service":"user-service","timestamp":"2022-10-09T17:06:30.664Z"}
{"level":"info","message":"Estado de la conexion (ChatDao) 1","service":"user-service","timestamp":"2022-10-09T17:06:30.664Z"}
{"level":"info","message":"Estado de la conexion (ChatDao) 1","service":"user-service","timestamp":"2022-10-09T17:06:33.585Z"}
{"level":"info","message":"Estado de la conexion (CartDao) 1","service":"user-service","timestamp":"2022-10-09T17:10:45.438Z"}
{"level":"info","message":"Estado de la conexion (CartDao) 1","service":"user-service","timestamp":"2022-10-09T17:10:45.441Z"}
{"level":"info","message":"Estado de la conexion (ChatDao) 1","service":"user-service","timestamp":"2022-10-09T17:10:45.442Z"}
{"level":"info","message":"Estado de la conexion (ChatDao) 1","service":"user-service","timestamp":"2022-10-09T17:10:57.403Z"}
{"level":"info","message":"Estado de la conexion (ProductsDao) 1","service":"user-service","timestamp":"2022-10-09T17:12:20.308Z"}
{"level":"info","message":"Estado de la conexion (CartDao) 1","service":"user-service","timestamp":"2022-10-10T12:10:42.418Z"}
{"level":"info","message":"Estado de la conexion (CartDao) 1","service":"user-service","timestamp":"2022-10-10T12:10:42.424Z"}
{"level":"info","message":"Estado de la conexion (ChatDao) 1","service":"user-service","timestamp":"2022-10-10T12:10:54.706Z"}
{"level":"info","message":"Estado de la conexion (CartDao) 1","service":"user-service","timestamp":"2022-10-10T12:24:34.204Z"}
{"level":"info","message":"Estado de la conexion (CartDao) 1","service":"user-service","timestamp":"2022-10-10T12:24:34.209Z"}
{"level":"info","message":"Estado de la conexion (ChatDao) 1","service":"user-service","timestamp":"2022-10-10T12:24:37.665Z"}
{"level":"info","message":"Estado de la conexion (CartDao) 1","service":"user-service","timestamp":"2022-10-10T12:38:04.093Z"}
{"level":"info","message":"Estado de la conexion (CartDao) 1","service":"user-service","timestamp":"2022-10-10T12:38:04.097Z"}
{"level":"info","message":"Estado de la conexion (ChatDao) 1","service":"user-service","timestamp":"2022-10-10T12:38:04.098Z"}
{"level":"info","message":"Estado de la conexion (CartDao) 1","service":"user-service","timestamp":"2022-10-10T12:39:24.531Z"}
{"level":"info","message":"Estado de la conexion (CartDao) 1","service":"user-service","timestamp":"2022-10-10T12:39:24.537Z"}
{"level":"info","message":"Estado de la conexion (CartDao) 1","service":"user-service","timestamp":"2022-10-10T12:41:15.639Z"}
{"level":"info","message":"Estado de la conexion (CartDao) 1","service":"user-service","timestamp":"2022-10-10T12:41:15.643Z"}
{"level":"info","message":"Estado de la conexion (CartDao) 1","service":"user-service","timestamp":"2022-10-10T12:54:09.074Z"}
{"level":"info","message":"Estado de la conexion (CartDao) 1","service":"user-service","timestamp":"2022-10-10T12:54:09.079Z"}
{"level":"info","message":"Estado de la conexion (CartDao) 1","service":"user-service","timestamp":"2022-10-10T12:54:30.463Z"}
{"level":"info","message":"Estado de la conexion (CartDao) 1","service":"user-service","timestamp":"2022-10-10T12:54:30.467Z"}
{"level":"info","message":"Estado de la conexion (CartDao) 1","service":"user-service","timestamp":"2022-10-10T12:57:12.143Z"}
{"level":"info","message":"Estado de la conexion (CartDao) 1","service":"user-service","timestamp":"2022-10-10T12:57:12.150Z"}
{"level":"info","message":"Estado de la conexion (CartDao) 1","service":"user-service","timestamp":"2022-10-10T12:57:59.872Z"}
{"level":"info","message":"Estado de la conexion (CartDao) 1","service":"user-service","timestamp":"2022-10-10T12:57:59.877Z"}
{"level":"info","message":"Estado de la conexion (CartDao) 1","service":"user-service","timestamp":"2022-10-10T12:59:22.539Z"}
{"level":"info","message":"Estado de la conexion (CartDao) 1","service":"user-service","timestamp":"2022-10-10T12:59:22.543Z"}
{"level":"info","message":"Estado de la conexion (CartDao) 1","service":"user-service","timestamp":"2022-10-10T13:03:32.110Z"}
{"level":"info","message":"Estado de la conexion (CartDao) 1","service":"user-service","timestamp":"2022-10-10T13:03:32.115Z"}
{"level":"info","message":"Estado de la conexion (CartDao) 1","service":"user-service","timestamp":"2022-10-10T13:11:30.932Z"}
{"level":"info","message":"Estado de la conexion (CartDao) 1","service":"user-service","timestamp":"2022-10-10T13:11:30.937Z"}
{"level":"info","message":"Estado de la conexion (CartDao) 1","service":"user-service","timestamp":"2022-10-10T13:12:26.971Z"}
{"level":"info","message":"Estado de la conexion (CartDao) 1","service":"user-service","timestamp":"2022-10-10T13:12:26.973Z"}
{"level":"info","message":"Estado de la conexion (CartDao) 1","service":"user-service","timestamp":"2022-10-10T13:18:04.305Z"}
{"level":"info","message":"Estado de la conexion (CartDao) 1","service":"user-service","timestamp":"2022-10-10T13:18:04.310Z"}
{"level":"info","message":"Estado de la conexion (CartDao) 1","service":"user-service","timestamp":"2022-10-10T13:20:00.433Z"}
{"level":"info","message":"Estado de la conexion (CartDao) 1","service":"user-service","timestamp":"2022-10-10T13:20:00.439Z"}
{"level":"info","message":"Estado de la conexion (CartDao) 1","service":"user-service","timestamp":"2022-10-10T13:20:16.915Z"}
{"level":"info","message":"Estado de la conexion (CartDao) 1","service":"user-service","timestamp":"2022-10-10T13:20:16.921Z"}
{"level":"info","message":"Estado de la conexion (CartDao) 1","service":"user-service","timestamp":"2022-10-10T13:20:43.837Z"}
{"level":"info","message":"Estado de la conexion (CartDao) 1","service":"user-service","timestamp":"2022-10-10T13:20:43.842Z"}
{"level":"info","message":"Estado de la conexion (CartDao) 1","service":"user-service","timestamp":"2022-10-10T13:21:30.621Z"}
{"level":"info","message":"Estado de la conexion (CartDao) 1","service":"user-service","timestamp":"2022-10-10T13:21:30.624Z"}
{"level":"info","message":"Estado de la conexion (CartDao) 1","service":"user-service","timestamp":"2022-10-10T13:23:59.975Z"}
{"level":"info","message":"Estado de la conexion (CartDao) 1","service":"user-service","timestamp":"2022-10-10T13:23:59.983Z"}
{"level":"info","message":"Estado de la conexion (CartDao) 1","service":"user-service","timestamp":"2022-10-10T13:24:47.787Z"}
{"level":"info","message":"Estado de la conexion (CartDao) 1","service":"user-service","timestamp":"2022-10-10T13:24:47.790Z"}
{"level":"info","message":"Estado de la conexion (CartDao) 1","service":"user-service","timestamp":"2022-10-10T13:25:03.821Z"}
{"level":"info","message":"Estado de la conexion (CartDao) 1","service":"user-service","timestamp":"2022-10-10T13:25:03.826Z"}
{"level":"info","message":"Estado de la conexion (CartDao) 1","service":"user-service","timestamp":"2022-10-10T13:26:58.112Z"}
{"level":"info","message":"Estado de la conexion (CartDao) 1","service":"user-service","timestamp":"2022-10-10T13:26:58.115Z"}
{"level":"info","message":"Estado de la conexion (CartDao) 1","service":"user-service","timestamp":"2022-10-10T13:30:34.337Z"}
{"level":"info","message":"Estado de la conexion (CartDao) 1","service":"user-service","timestamp":"2022-10-10T13:30:34.343Z"}
{"level":"info","message":"Estado de la conexion (CartDao) 1","service":"user-service","timestamp":"2022-10-10T13:31:11.816Z"}
{"level":"info","message":"Estado de la conexion (CartDao) 1","service":"user-service","timestamp":"2022-10-10T13:31:11.821Z"}
{"level":"info","message":"Estado de la conexion (CartDao) 1","service":"user-service","timestamp":"2022-10-10T13:33:07.049Z"}
{"level":"info","message":"Estado de la conexion (CartDao) 1","service":"user-service","timestamp":"2022-10-10T13:33:07.055Z"}
{"level":"info","message":"Estado de la conexion (CartDao) 1","service":"user-service","timestamp":"2022-10-10T13:40:45.582Z"}
{"level":"info","message":"Estado de la conexion (CartDao) 1","service":"user-service","timestamp":"2022-10-10T13:40:45.587Z"}
{"level":"info","message":"Estado de la conexion (CartDao) 1","service":"user-service","timestamp":"2022-10-10T13:41:51.321Z"}
{"level":"info","message":"Estado de la conexion (CartDao) 1","service":"user-service","timestamp":"2022-10-10T13:41:51.325Z"}
{"level":"info","message":"Estado de la conexion (CartDao) 1","service":"user-service","timestamp":"2022-10-10T13:41:58.964Z"}
{"level":"info","message":"Estado de la conexion (CartDao) 1","service":"user-service","timestamp":"2022-10-10T13:41:58.969Z"}
{"level":"info","message":"Estado de la conexion (CartDao) 1","service":"user-service","timestamp":"2022-10-10T13:43:19.172Z"}
{"level":"info","message":"Estado de la conexion (CartDao) 1","service":"user-service","timestamp":"2022-10-10T13:43:19.177Z"}
{"level":"info","message":"Estado de la conexion (CartDao) 1","service":"user-service","timestamp":"2022-10-10T13:43:49.323Z"}
{"level":"info","message":"Estado de la conexion (CartDao) 1","service":"user-service","timestamp":"2022-10-10T13:43:49.327Z"}
{"level":"info","message":"Estado de la conexion (CartDao) 1","service":"user-service","timestamp":"2022-10-10T13:44:19.256Z"}
{"level":"info","message":"Estado de la conexion (CartDao) 1","service":"user-service","timestamp":"2022-10-10T13:44:19.260Z"}
{"level":"info","message":"Estado de la conexion (CartDao) 1","service":"user-service","timestamp":"2022-10-10T13:44:44.109Z"}
{"level":"info","message":"Estado de la conexion (CartDao) 1","service":"user-service","timestamp":"2022-10-10T13:44:44.114Z"}
{"level":"info","message":"Estado de la conexion (CartDao) 1","service":"user-service","timestamp":"2022-10-10T13:44:58.774Z"}
{"level":"info","message":"Estado de la conexion (CartDao) 1","service":"user-service","timestamp":"2022-10-10T13:44:58.778Z"}
{"level":"info","message":"Estado de la conexion (CartDao) 1","service":"user-service","timestamp":"2022-10-10T13:45:07.172Z"}
{"level":"info","message":"Estado de la conexion (CartDao) 1","service":"user-service","timestamp":"2022-10-10T13:45:07.175Z"}
{"level":"info","message":"Estado de la conexion (CartDao) 1","service":"user-service","timestamp":"2022-10-10T13:55:02.510Z"}
{"level":"info","message":"Estado de la conexion (CartDao) 1","service":"user-service","timestamp":"2022-10-10T13:55:02.516Z"}
{"level":"info","message":"Estado de la conexion (CartDao) 1","service":"user-service","timestamp":"2022-10-10T14:02:03.268Z"}
{"level":"info","message":"Estado de la conexion (CartDao) 1","service":"user-service","timestamp":"2022-10-10T14:02:03.273Z"}
{"level":"info","message":"Estado de la conexion (CartDao) 1","service":"user-service","timestamp":"2022-10-10T14:02:44.853Z"}
{"level":"info","message":"Estado de la conexion (CartDao) 1","service":"user-service","timestamp":"2022-10-10T14:02:44.860Z"}
{"level":"info","message":"Estado de la conexion (CartDao) 1","service":"user-service","timestamp":"2022-10-10T14:03:31.606Z"}
{"level":"info","message":"Estado de la conexion (CartDao) 1","service":"user-service","timestamp":"2022-10-10T14:03:31.610Z"}
{"level":"info","message":"Estado de la conexion (CartDao) 1","service":"user-service","timestamp":"2022-10-10T14:04:11.900Z"}
{"level":"info","message":"Estado de la conexion (CartDao) 1","service":"user-service","timestamp":"2022-10-10T14:04:11.906Z"}
{"level":"info","message":"Estado de la conexion (CartDao) 1","service":"user-service","timestamp":"2022-10-10T14:09:36.040Z"}
{"level":"info","message":"Estado de la conexion (CartDao) 1","service":"user-service","timestamp":"2022-10-10T14:09:36.044Z"}
{"level":"info","message":"Estado de la conexion (CartDao) 1","service":"user-service","timestamp":"2022-10-10T14:16:39.304Z"}
{"level":"info","message":"Estado de la conexion (CartDao) 1","service":"user-service","timestamp":"2022-10-10T14:16:39.307Z"}
{"level":"info","message":"Estado de la conexion (CartDao) 1","service":"user-service","timestamp":"2022-10-10T14:19:44.294Z"}
{"level":"info","message":"Estado de la conexion (CartDao) 1","service":"user-service","timestamp":"2022-10-10T14:19:44.299Z"}
{"level":"info","message":"Estado de la conexion (CartDao) 1","service":"user-service","timestamp":"2022-10-10T14:24:03.193Z"}
{"level":"info","message":"Estado de la conexion (CartDao) 1","service":"user-service","timestamp":"2022-10-10T14:24:03.198Z"}
{"level":"info","message":"Estado de la conexion (CartDao) 1","service":"user-service","timestamp":"2022-10-10T14:25:06.730Z"}
{"level":"info","message":"Estado de la conexion (CartDao) 1","service":"user-service","timestamp":"2022-10-10T14:25:06.735Z"}
{"level":"info","message":"Estado de la conexion (CartDao) 1","service":"user-service","timestamp":"2022-10-10T14:26:33.017Z"}
{"level":"info","message":"Estado de la conexion (CartDao) 1","service":"user-service","timestamp":"2022-10-10T14:26:33.021Z"}
{"level":"info","message":"Estado de la conexion (CartDao) 1","service":"user-service","timestamp":"2022-10-10T14:32:03.420Z"}
{"level":"info","message":"Estado de la conexion (CartDao) 1","service":"user-service","timestamp":"2022-10-10T14:32:03.423Z"}
{"level":"info","message":"Estado de la conexion (CartDao) 1","service":"user-service","timestamp":"2022-10-10T15:00:51.380Z"}
{"level":"info","message":"Estado de la conexion (CartDao) 1","service":"user-service","timestamp":"2022-10-10T15:00:51.385Z"}
{"level":"info","message":"Estado de la conexion (CartDao) 1","service":"user-service","timestamp":"2022-10-10T15:10:59.538Z"}
{"level":"info","message":"Estado de la conexion (CartDao) 1","service":"user-service","timestamp":"2022-10-10T15:10:59.543Z"}
{"level":"info","message":"Estado de la conexion (CartDao) 1","service":"user-service","timestamp":"2022-10-10T15:12:14.080Z"}
{"level":"info","message":"Estado de la conexion (CartDao) 1","service":"user-service","timestamp":"2022-10-10T15:12:14.084Z"}
{"level":"info","message":"Estado de la conexion (CartDao) 1","service":"user-service","timestamp":"2022-10-10T15:18:35.966Z"}
{"level":"info","message":"Estado de la conexion (CartDao) 1","service":"user-service","timestamp":"2022-10-10T15:18:35.969Z"}
{"level":"info","message":"Estado de la conexion (CartDao) 1","service":"user-service","timestamp":"2022-10-10T15:33:06.164Z"}
{"level":"info","message":"Estado de la conexion (CartDao) 1","service":"user-service","timestamp":"2022-10-10T15:33:06.169Z"}
{"level":"info","message":"Estado de la conexion (CartDao) 1","service":"user-service","timestamp":"2022-10-10T15:35:13.185Z"}
{"level":"info","message":"Estado de la conexion (CartDao) 1","service":"user-service","timestamp":"2022-10-10T15:35:13.189Z"}
{"level":"info","message":"Estado de la conexion (CartDao) 1","service":"user-service","timestamp":"2022-10-10T15:36:03.701Z"}
{"level":"info","message":"Estado de la conexion (CartDao) 1","service":"user-service","timestamp":"2022-10-10T15:36:03.704Z"}
{"level":"info","message":"Estado de la conexion (CartDao) 1","service":"user-service","timestamp":"2022-10-10T15:36:52.010Z"}
{"level":"info","message":"Estado de la conexion (CartDao) 1","service":"user-service","timestamp":"2022-10-10T15:36:52.015Z"}
{"level":"info","message":"Estado de la conexion (CartDao) 1","service":"user-service","timestamp":"2022-10-10T15:37:31.902Z"}
{"level":"info","message":"Estado de la conexion (CartDao) 1","service":"user-service","timestamp":"2022-10-10T15:37:31.907Z"}
{"level":"info","message":"Estado de la conexion (CartDao) 1","service":"user-service","timestamp":"2022-10-10T15:38:21.862Z"}
{"level":"info","message":"Estado de la conexion (CartDao) 1","service":"user-service","timestamp":"2022-10-10T15:38:21.867Z"}
{"level":"info","message":"Estado de la conexion (CartDao) 1","service":"user-service","timestamp":"2022-10-10T15:40:38.576Z"}
{"level":"info","message":"Estado de la conexion (CartDao) 1","service":"user-service","timestamp":"2022-10-10T15:40:38.581Z"}
{"level":"info","message":"Estado de la conexion (CartDao) 1","service":"user-service","timestamp":"2022-10-10T15:43:09.369Z"}
{"level":"info","message":"Estado de la conexion (CartDao) 1","service":"user-service","timestamp":"2022-10-10T15:43:09.375Z"}
{"level":"info","message":"Estado de la conexion (CartDao) 1","service":"user-service","timestamp":"2022-10-10T15:52:53.019Z"}
{"level":"info","message":"Estado de la conexion (CartDao) 1","service":"user-service","timestamp":"2022-10-10T15:52:53.024Z"}
{"level":"info","message":"Estado de la conexion (CartDao) 1","service":"user-service","timestamp":"2022-10-10T15:54:11.669Z"}
{"level":"info","message":"Estado de la conexion (CartDao) 1","service":"user-service","timestamp":"2022-10-10T15:54:11.673Z"}
{"level":"info","message":"Estado de la conexion (CartDao) 1","service":"user-service","timestamp":"2022-10-10T15:56:04.242Z"}
{"level":"info","message":"Estado de la conexion (CartDao) 1","service":"user-service","timestamp":"2022-10-10T15:56:04.247Z"}
{"level":"info","message":"Estado de la conexion (CartDao) 1","service":"user-service","timestamp":"2022-10-10T15:57:05.416Z"}
{"level":"info","message":"Estado de la conexion (CartDao) 1","service":"user-service","timestamp":"2022-10-10T15:57:05.420Z"}
{"level":"info","message":"Estado de la conexion (CartDao) 1","service":"user-service","timestamp":"2022-10-10T16:33:35.809Z"}
{"level":"info","message":"Estado de la conexion (CartDao) 1","service":"user-service","timestamp":"2022-10-10T16:33:35.812Z"}
{"level":"info","message":"Estado de la conexion (CartDao) 1","service":"user-service","timestamp":"2022-10-10T16:37:04.341Z"}
{"level":"info","message":"Estado de la conexion (CartDao) 1","service":"user-service","timestamp":"2022-10-10T16:37:04.346Z"}
{"level":"info","message":"Estado de la conexion (CartDao) 1","service":"user-service","timestamp":"2022-10-10T16:41:13.836Z"}
{"level":"info","message":"Estado de la conexion (CartDao) 1","service":"user-service","timestamp":"2022-10-10T16:41:13.841Z"}
